<?xml version="1.0" encoding="UTF-8"?>
<!-- Generated by org.testng.reporters.JUnitReportReporter -->
<testsuite hostname="ThiYaso" failures="0" tests="3" name="testNG.NewTest" time="0.174" errors="0" timestamp="2024-10-16T09:17:37 IST" skipped="0">
  <testcase classname="testNG.NewTest" name="windowSettings" time="0.056"/>
  <testcase classname="testNG.NewTest" name="asserionExample" time="0.072"/>
  <testcase classname="testNG.NewTest" name="asserionExample" time="0.046"/>
</testsuite> <!-- testNG.NewTest -->
